{
    "critiques": {
        "680": {
            "rubric_items": {
                "7303": {
                    "result": "failed",
                    "observation": "Not all of the tests passed.\n\n```\n************************************************************************\n                         Test Failure Feedback                          \n************************************************************************\n\nFailed Test: 14. Submission includes heuristic_analysis.pdf\n----------------------------------------------------------------------\nAssertionError: False is not true : You must submit a report named heuristic_analysis.pdf for review.\n\n\nFailed Test: 15. Submission includes research_review.pdf\n----------------------------------------------------------------------\nAssertionError: False is not true : You must submit a report named research_review.pdf for review.\n\n\n************************************************************************\n                          Test Result Summary                           \n************************************************************************\n\n14. Submission includes heuristic_analysis.pdf:                        F\n15. Submission includes research_review.pdf:                           F\n\n------------------------------------------------------------------------\n            . - Test Passed    F - Test Failed    E - Error             \n\n```"
                },
                "5510": {
                    "result": "failed",
                    "observation": "Not all of the tests passed.\n\n```\n************************************************************************\n                         Test Failure Feedback                          \n************************************************************************\n\nFailed Test: 5. Test interface of AlphaBetaPlayer.alphabeta()\n----------------------------------------------------------------------\nTraceback (most recent call last):\n  File \"/home/grader/isolation/workspace/game_agent.py\", line 419, in alphabeta\n    raise NotImplementedError\nNotImplementedError\n\n\nFailed Test: 7. Test functionality of AlphaBetaPlayer.alphabeta()\n----------------------------------------------------------------------\nTraceback (most recent call last):\n  File \"/home/grader/isolation/workspace/game_agent.py\", line 419, in alphabeta\n    raise NotImplementedError\nNotImplementedError\n\n\nFailed Test: 8. Test that alphabeta() raises SearchTimeout when the timer expires\n----------------------------------------------------------------------\nTraceback (most recent call last):\n  File \"/home/grader/isolation/workspace/game_agent.py\", line 419, in alphabeta\n    raise NotImplementedError\nNotImplementedError\n\n\nFailed Test: 9. Test iterative deepening in AlphaBetaPlayer.get_move()\n----------------------------------------------------------------------\nTraceback (most recent call last):\n  File \"/home/grader/isolation/workspace/game_agent.py\", line 361, in get_move\n    v = self._min_value(game.forecast_move(m), depth - 1)\n  File \"/home/grader/isolation/workspace/game_agent.py\", line 291, in _min_value\n    v = min(v, self._max_value(game.forecast_move(m), depth-1))\n  File \"/home/grader/isolation/workspace/game_agent.py\", line 305, in _max_value\n    v = max(v, self._min_value(game.forecast_move(m), depth-1))\n  File \"/home/grader/isolation/workspace/game_agent.py\", line 291, in _min_value\n    v = min(v, self._max_value(game.forecast_move(m), depth-1))\n  File \"/home/grader/isolation/workspace/game_agent.py\", line 305, in _max_value\n    v = max(v, self._min_value(game.forecast_move(m), depth-1))\n  File \"/home/grader/isolation/workspace/game_agent.py\", line 291, in _min_value\n    v = min(v, self._max_value(game.forecast_move(m), depth-1))\n  File \"/home/grader/isolation/workspace/game_agent.py\", line 305, in _max_value\n    v = max(v, self._min_value(game.forecast_move(m), depth-1))\n  File \"/home/grader/isolation/workspace/game_agent.py\", line 280, in _min_value\n    if self.time_left() < self.TIMER_THRESHOLD:\n  File \"/home/grader/isolation/testcases.py\", line 64, in timeout\n    \"Otherwise you may need to work on making your code more efficient.\"\nRuntimeError: Your agent ran much longer than expected for this test case. Check your search termination conditions to ensure you are cutting off at the depth limit or when the game ends. Otherwise you may need to work on making your code more efficient.\n\n\nFailed Test: 12. Test output interface of custom_score_2()\n----------------------------------------------------------------------\nTraceback (most recent call last):\n  File \"/home/grader/isolation/workspace/game_agent.py\", line 72, in custom_score_2\n    raise NotImplementedError\nNotImplementedError\n\n\nFailed Test: 13. Test output interface of custom_score_3()\n----------------------------------------------------------------------\nTraceback (most recent call last):\n  File \"/home/grader/isolation/workspace/game_agent.py\", line 98, in custom_score_3\n    raise NotImplementedError\nNotImplementedError\n\n\n************************************************************************\n                          Test Result Summary                           \n************************************************************************\n\n1. Test output interface of MinimaxPlayer.minimax():                   .\n2. Test functionality of MinimaxPlayer.minimax():                      .\n3. Test that minimax() raises SearchTimeout when the timer expires:    .\n4. Test that MinimaxPlayer successfully plays a full game:             .\n5. Test interface of AlphaBetaPlayer.alphabeta():                      E\n6. Test the interface of AlphaBetaPlayer.get_move():                   .\n7. Test functionality of AlphaBetaPlayer.alphabeta():                  E\n8. Test that alphabeta() raises SearchTimeout when the timer expires:  E\n9. Test iterative deepening in AlphaBetaPlayer.get_move():             E\n10. Test that AlphaBetaPlayer successfully plays a full game:          .\n11. Test output interface of custom_score():                           .\n12. Test output interface of custom_score_2():                         E\n13. Test output interface of custom_score_3():                         E\n\n------------------------------------------------------------------------\n            . - Test Passed    F - Test Failed    E - Error             \n\n```"
                }
            }
        }
    }
}